<?xml version="1.0" encoding="UTF-8"?>
<!-- Generated by org.testng.reporters.JUnitXMLReporter -->
<testsuite hostname="apples-MacBook-Pro-2.local" ignored="0" name="Test" tests="1" failures="1" timestamp="2020-12-29T20:22:59 IST" time="0.482" errors="0">
  <testcase name="abTest" time="0.435" classname="com.mars.webTest.VerifyABTest">
    <failure type="java.lang.AssertionError" message="expected:&amp;lt;true&amp;gt; but was:&amp;lt;false&amp;gt;">
      <![CDATA[java.lang.AssertionError: expected:<true> but was:<false>
at com.mars.webTest.VerifyABTest.abTest(VerifyABTest.java:29)
at java.util.ArrayList.forEach(ArrayList.java:1257)
... Removed 32 stack frames]]>
    </failure>
  </testcase> <!-- abTest -->
</testsuite> <!-- Test -->
